{
  "RSpec": {
    "coverage": {
      "/home/bruno/Workspace/connector-pipedrive/config/environment.rb": [
        null,
        1,
        null,
        null,
        1
      ],
      "/home/bruno/Workspace/connector-pipedrive/config/application.rb": [
        1,
        null,
        1,
        null,
        null,
        null,
        1,
        null,
        1,
        1,
        1,
        1,
        1,
        1,
        null,
        null,
        null,
        null,
        null,
        null,
        null,
        null,
        null,
        null,
        null,
        null,
        null,
        null,
        null,
        1,
        null,
        null
      ],
      "/home/bruno/Workspace/connector-pipedrive/config/boot.rb": [
        1,
        null,
        1
      ],
      "/home/bruno/Workspace/connector-pipedrive/config/environments/test.rb": [
        1,
        null,
        null,
        null,
        null,
        null,
        null,
        1,
        null,
        null,
        null,
        null,
        1,
        null,
        null,
        1,
        1,
        null,
        null,
        1,
        1,
        null,
        null,
        1,
        null,
        null,
        1,
        null,
        null,
        null,
        null,
        1,
        null,
        null,
        1,
        null,
        null,
        1,
        null,
        null,
        null,
        null
      ],
      "/home/bruno/Workspace/connector-pipedrive/config/initializers/assets.rb": [
        null,
        null,
        null,
        1,
        null,
        null,
        null,
        null,
        null,
        null,
        null
      ],
      "/home/bruno/Workspace/connector-pipedrive/config/initializers/backtrace_silencers.rb": [
        null,
        null,
        null,
        null,
        null,
        null,
        null
      ],
      "/home/bruno/Workspace/connector-pipedrive/config/initializers/cookies_serializer.rb": [
        null,
        null,
        1
      ],
      "/home/bruno/Workspace/connector-pipedrive/config/initializers/filter_parameter_logging.rb": [
        null,
        null,
        null,
        1
      ],
      "/home/bruno/Workspace/connector-pipedrive/config/initializers/inflections.rb": [
        null,
        null,
        null,
        null,
        null,
        null,
        null,
        null,
        null,
        null,
        null,
        null,
        null,
        null,
        null,
        null
      ],
      "/home/bruno/Workspace/connector-pipedrive/config/initializers/maestrano.rb": [
        1,
        2
      ],
      "/home/bruno/Workspace/connector-pipedrive/config/initializers/mime_types.rb": [
        null,
        null,
        null,
        null
      ],
      "/home/bruno/Workspace/connector-pipedrive/config/initializers/session_store.rb": [
        null,
        null,
        1
      ],
      "/home/bruno/Workspace/connector-pipedrive/config/initializers/sidekiq.rb": [
        null,
        1,
        null,
        1,
        null,
        null,
        1,
        0,
        null
      ],
      "/home/bruno/Workspace/connector-pipedrive/config/initializers/wrap_parameters.rb": [
        null,
        null,
        null,
        null,
        null,
        null,
        1,
        1,
        null,
        null,
        null,
        null,
        null,
        null
      ],
      "/home/bruno/Workspace/connector-pipedrive/config/routes.rb": [
        1,
        1,
        null,
        null,
        1,
        1,
        1,
        1,
        1,
        1,
        1,
        1,
        null,
        null,
        1,
        1,
        1,
        null,
        null,
        1,
        1,
        0,
        null,
        1,
        null
      ],
      "/home/bruno/Workspace/connector-pipedrive/app/helpers/application_helper.rb": [
        1,
        null
      ],
      "/home/bruno/Workspace/connector-pipedrive/app/controllers/home_controller.rb": [
        null,
        1,
        1,
        5,
        null,
        null,
        4,
        8,
        null,
        4,
        4,
        4,
        4,
        null,
        null,
        4,
        null,
        4,
        null,
        null,
        1,
        5,
        3,
        3,
        3,
        null,
        null,
        null,
        1,
        0,
        null,
        null,
        1,
        null,
        1,
        3,
        3,
        null,
        null
      ],
      "/home/bruno/Workspace/connector-pipedrive/app/controllers/application_controller.rb": [
        1,
        1,
        null,
        null,
        null,
        1,
        null
      ],
      "/home/bruno/Workspace/connector-pipedrive/spec/controllers/shared_entities_controller_spec.rb": [
        1,
        null,
        1,
        1,
        3,
        null,
        2,
        null,
        1,
        2,
        2,
        1,
        1,
        1,
        null,
        null,
        1,
        1,
        1,
        null,
        null,
        null,
        null
      ],
      "/home/bruno/Workspace/connector-pipedrive/app/controllers/shared_entities_controller.rb": [
        null,
        1,
        1,
        2,
        1,
        null,
        null
      ],
      "/home/bruno/Workspace/connector-pipedrive/spec/controllers/synchronizations_controller_spec.rb": [
        1,
        null,
        1,
        1,
        3,
        null,
        2,
        null,
        1,
        2,
        2,
        1,
        1,
        null,
        null,
        1,
        1,
        1,
        null,
        null,
        null,
        null
      ],
      "/home/bruno/Workspace/connector-pipedrive/app/controllers/synchronizations_controller.rb": [
        null,
        1,
        1,
        2,
        1,
        null,
        null
      ],
      "/home/bruno/Workspace/connector-pipedrive/app/models/maestrano/connector/rails/external.rb": [
        null,
        1,
        1,
        null,
        1,
        null,
        null,
        null,
        null,
        1,
        null,
        null,
        null,
        null,
        null,
        null,
        null,
        null,
        null,
        null,
        1,
        null,
        null,
        0,
        null,
        null,
        null,
        null,
        null,
        1,
        null,
        null,
        null,
        null,
        12,
        null,
        null
      ]
    },
    "timestamp": 1478066256
  }
}
